0 info it worked if it ends with ok
1 verbose cli [ 'node', '/usr/local/bin/npm', 'uninstall', 'ionic' ]
2 info using npm@1.4.28
3 info using node@v0.10.33
4 verbose node_modules/ionic unbuild
5 info preuninstall ionic@1.3.2
6 info uninstall ionic@1.3.2
7 verbose true,/Users/chaow/workspaces/mobileSuccess/node_modules,/Users/chaow/workspaces/mobileSuccess/node_modules unbuild ionic@1.3.2
8 verbose /Users/chaow/workspaces/mobileSuccess/node_modules/.bin,[object Object] binRoot
9 info postuninstall ionic@1.3.2
10 error Error: EACCES, unlink '/Users/chaow/workspaces/mobileSuccess/node_modules/ionic/node_modules/.bin/gulp'
10 error  { [Error: EACCES, unlink '/Users/chaow/workspaces/mobileSuccess/node_modules/ionic/node_modules/.bin/gulp']
10 error   errno: 3,
10 error   code: 'EACCES',
10 error   path: '/Users/chaow/workspaces/mobileSuccess/node_modules/ionic/node_modules/.bin/gulp' }
11 error Please try running this command again as root/Administrator.
12 error System Darwin 14.0.0
13 error command "node" "/usr/local/bin/npm" "uninstall" "ionic"
14 error cwd /Users/chaow/workspaces/mobileSuccess
15 error node -v v0.10.33
16 error npm -v 1.4.28
17 error path /Users/chaow/workspaces/mobileSuccess/node_modules/ionic/node_modules/.bin/gulp
18 error code EACCES
19 error errno 3
20 error stack Error: EACCES, unlink '/Users/chaow/workspaces/mobileSuccess/node_modules/ionic/node_modules/.bin/gulp'
21 verbose exit [ 3, true ]
